#
# There is insufficient memory for the Java Runtime Environment to continue.
# Native memory allocation (malloc) failed to allocate 1048576 bytes for AllocateHeap
# Possible reasons:
#   The system is out of physical RAM or swap space
#   The process is running with CompressedOops enabled, and the Java Heap may be blocking the growth of the native heap
# Possible solutions:
#   Reduce memory load on the system
#   Increase physical memory or swap space
#   Check if swap backing store is full
#   Decrease Java heap size (-Xmx/-Xms)
#   Decrease number of Java threads
#   Decrease Java thread stack sizes (-Xss)
#   Set larger code cache with -XX:ReservedCodeCacheSize=
#   JVM is running with Zero Based Compressed Oops mode in which the Java heap is
#     placed in the first 32GB address space. The Java Heap base address is the
#     maximum limit for the native heap growth. Please use -XX:HeapBaseMinAddress
#     to set the Java Heap base and to place the Java Heap above 32GB virtual address.
# This output file may be truncated or incomplete.
#
#  Out of Memory Error (memory/allocation.inline.hpp:61), pid=99512, tid=0x00000000000120c8
#
# JRE version:  (8.0_201-b09) (build )
# Java VM: Java HotSpot(TM) 64-Bit Server VM (25.201-b09 mixed mode windows-amd64 compressed oops)
# Failed to write core dump. Minidumps are not enabled by default on client versions of Windows
#

---------------  T H R E A D  ---------------

Current thread (0x00000000036f6800):  JavaThread "Unknown thread" [_thread_in_vm, id=73928, stack(0x00000000033f0000,0x00000000034f0000)]

Stack: [0x00000000033f0000,0x00000000034f0000]
[error occurred during error reporting (printing stack bounds), id 0xc0000005]

Native frames: (J=compiled Java code, j=interpreted, Vv=VM code, C=native code)


---------------  P R O C E S S  ---------------

Java Threads: ( => current thread )

Other Threads:

=>0x00000000036f6800 (exited) JavaThread "Unknown thread" [_thread_in_vm, id=73928, stack(0x00000000033f0000,0x00000000034f0000)]

VM state:not at safepoint (normal execution)

VM Mutex/Monitor currently owned by a thread: None

heap address: 0x00000006c1600000, size: 4074 MB, Compressed Oops mode: Zero based, Oop shift amount: 3
Narrow klass base: 0x0000000000000000, Narrow klass shift: 3
Compressed class space size: 1073741824 Address: 0x00000007c0000000

Heap:
 PSYoungGen      total 76288K, used 1310K [0x000000076b200000, 0x0000000770700000, 0x00000007c0000000)
  eden space 65536K, 2% used [0x000000076b200000,0x000000076b347af0,0x000000076f200000)
  from space 10752K, 0% used [0x000000076fc80000,0x000000076fc80000,0x0000000770700000)
  to   space 10752K, 0% used [0x000000076f200000,0x000000076f200000,0x000000076fc80000)
 ParOldGen       total 175104K, used 0K [0x00000006c1600000, 0x00000006cc100000, 0x000000076b200000)
  object space 175104K, 0% used [0x00000006c1600000,0x00000006c1600000,0x00000006cc100000)
 Metaspace       used 775K, capacity 4480K, committed 4480K, reserved 1056768K
  class space    used 76K, capacity 384K, committed 384K, reserved 1048576K

Card table byte_map: [0x0000000012bb0000,0x00000000133b0000] byte_map_base: 0x000000000f5a5000

Marking Bits: (ParMarkBitMap*) 0x0000000066f24ce0
 Begin Bits: [0x0000000014600000, 0x00000000185a8000)
 End Bits:   [0x00000000185a8000, 0x000000001c550000)

Polling page: 0x00000000012a0000

CodeCache: size=245760Kb used=328Kb max_used=328Kb free=245431Kb
 bounds [0x00000000037f0000, 0x0000000003a60000, 0x00000000127f0000]
 total_blobs=58 nmethods=0 adapters=38
 compilation: enabled

Compilation events (0 events):
No events

GC Heap History (0 events):
No events

Deoptimization events (0 events):
No events

Classes redefined (0 events):
No events

Internal exceptions (0 events):
No events

Events (10 events):
Event: 0.029 loading class java/lang/Short
Event: 0.029 loading class java/lang/Short done
Event: 0.029 loading class java/lang/Integer
Event: 0.029 loading class java/lang/Integer done
Event: 0.029 loading class java/lang/Long
Event: 0.029 loading class java/lang/Long done
Event: 0.030 loading class java/lang/NullPointerException
Event: 0.030 loading class java/lang/NullPointerException done
Event: 0.030 loading class java/lang/ArithmeticException
Event: 0.030 loading class java/lang/ArithmeticException done


Dynamic libraries:
0x00007ff77b890000 - 0x00007ff77b8c7000 	D:\hxs\JDK1.8\bin\java.exe
0x00007ffd4ff70000 - 0x00007ffd50168000 	C:\WINDOWS\SYSTEM32\ntdll.dll
0x00007ffd4e490000 - 0x00007ffd4e54d000 	C:\WINDOWS\System32\KERNEL32.DLL
0x00007ffd4d900000 - 0x00007ffd4dbd2000 	C:\WINDOWS\System32\KERNELBASE.dll
0x00007ffd4f4a0000 - 0x00007ffd4f54e000 	C:\WINDOWS\System32\ADVAPI32.dll
0x00007ffd4fc50000 - 0x00007ffd4fcee000 	C:\WINDOWS\System32\msvcrt.dll
0x00007ffd4e2c0000 - 0x00007ffd4e35c000 	C:\WINDOWS\System32\sechost.dll
0x00007ffd4fe00000 - 0x00007ffd4ff25000 	C:\WINDOWS\System32\RPCRT4.dll
0x00007ffd4eb90000 - 0x00007ffd4ed2d000 	C:\WINDOWS\System32\USER32.dll
0x00007ffd4dfa0000 - 0x00007ffd4dfc2000 	C:\WINDOWS\System32\win32u.dll
0x00007ffd4fcf0000 - 0x00007ffd4fd1b000 	C:\WINDOWS\System32\GDI32.dll
0x00007ffd4dbe0000 - 0x00007ffd4dcef000 	C:\WINDOWS\System32\gdi32full.dll
0x00007ffd4d7b0000 - 0x00007ffd4d84d000 	C:\WINDOWS\System32\msvcp_win.dll
0x00007ffd4d680000 - 0x00007ffd4d780000 	C:\WINDOWS\System32\ucrtbase.dll
0x00007ffd3d3b0000 - 0x00007ffd3d64a000 	C:\WINDOWS\WinSxS\amd64_microsoft.windows.common-controls_6595b64144ccf1df_6.0.19041.1110_none_60b5254171f9507e\COMCTL32.dll
0x00007ffd4fc20000 - 0x00007ffd4fc50000 	C:\WINDOWS\System32\IMM32.DLL
0x0000000067270000 - 0x0000000067341000 	D:\hxs\JDK1.8\jre\bin\msvcr100.dll
0x0000000066700000 - 0x0000000066fa4000 	D:\hxs\JDK1.8\jre\bin\server\jvm.dll
0x00007ffd4e180000 - 0x00007ffd4e188000 	C:\WINDOWS\System32\PSAPI.DLL
0x00007ffd45050000 - 0x00007ffd45077000 	C:\WINDOWS\SYSTEM32\WINMM.dll
0x00007ffd430b0000 - 0x00007ffd430b9000 	C:\WINDOWS\SYSTEM32\WSOCK32.dll
0x00007ffd46d60000 - 0x00007ffd46d6a000 	C:\WINDOWS\SYSTEM32\VERSION.dll
0x00007ffd4f7f0000 - 0x00007ffd4f85b000 	C:\WINDOWS\System32\WS2_32.dll
0x00007ffd43d10000 - 0x00007ffd43d1f000 	D:\hxs\JDK1.8\jre\bin\verify.dll
0x00007ffd29a90000 - 0x00007ffd29ab9000 	D:\hxs\JDK1.8\jre\bin\java.dll
0x00007ffd291e0000 - 0x00007ffd29203000 	D:\hxs\JDK1.8\jre\bin\instrument.dll
0x00007ffd42e40000 - 0x00007ffd42e56000 	D:\hxs\JDK1.8\jre\bin\zip.dll

VM Arguments:
jvm_args: -XX:TieredStopAtLevel=1 -Xverify:none -Dspring.output.ansi.enabled=always -javaagent:D:\hxs\IDEA\IntelliJ IDEA 2021.1\lib\idea_rt.jar=63390:D:\hxs\IDEA\IntelliJ IDEA 2021.1\bin -Dcom.sun.management.jmxremote -Dspring.jmx.enabled=true -Dspring.liveBeansView.mbeanDomain -Dspring.application.admin.enabled=true -Dfile.encoding=UTF-8 
java_command: com.hx.usercenter.UserCenterApplication
java_class_path (initial): D:\hxs\JDK1.8\jre\lib\charsets.jar;D:\hxs\JDK1.8\jre\lib\deploy.jar;D:\hxs\JDK1.8\jre\lib\ext\access-bridge-64.jar;D:\hxs\JDK1.8\jre\lib\ext\cldrdata.jar;D:\hxs\JDK1.8\jre\lib\ext\dnsns.jar;D:\hxs\JDK1.8\jre\lib\ext\jaccess.jar;D:\hxs\JDK1.8\jre\lib\ext\jfxrt.jar;D:\hxs\JDK1.8\jre\lib\ext\localedata.jar;D:\hxs\JDK1.8\jre\lib\ext\nashorn.jar;D:\hxs\JDK1.8\jre\lib\ext\sunec.jar;D:\hxs\JDK1.8\jre\lib\ext\sunjce_provider.jar;D:\hxs\JDK1.8\jre\lib\ext\sunmscapi.jar;D:\hxs\JDK1.8\jre\lib\ext\sunpkcs11.jar;D:\hxs\JDK1.8\jre\lib\ext\zipfs.jar;D:\hxs\JDK1.8\jre\lib\javaws.jar;D:\hxs\JDK1.8\jre\lib\jce.jar;D:\hxs\JDK1.8\jre\lib\jfr.jar;D:\hxs\JDK1.8\jre\lib\jfxswt.jar;D:\hxs\JDK1.8\jre\lib\jsse.jar;D:\hxs\JDK1.8\jre\lib\management-agent.jar;D:\hxs\JDK1.8\jre\lib\plugin.jar;D:\hxs\JDK1.8\jre\lib\resources.jar;D:\hxs\JDK1.8\jre\lib\rt.jar;D:\hxs\Project\UserCenter\user-center-backend-master\target\classes;D:\hxs\maven\repository\org\springframework\boot\spring-boot-starter-web\2.7.5\spring-boot-starter-web-2.7.5.jar;D:\hxs\maven\repository\org\springframework\boot\spring-boot-starter\2.7.5\spring-boot-starter-2.7.5.jar;D:\hxs\maven\repository\org\springframework\boot\spring-boot\2.7.5\spring-boot-2.7.5.jar;D:\hxs\maven\repository\org\springframework\boot\spring-boot-starter-logging\2.7.5\spring-boot-starter-logging-2.7.5.jar;D:\hxs\maven\repository\ch\qos\logback\logback-classic\1.2.11\logback-classic-1.2.11.jar;D:\hxs\maven\repository\ch\qos\logback\logback-core\1.2.11\logback-core-1.2.11.jar;D:\hxs\maven\repository\org\apache\logging\log4j\log4j-to-slf4j\2.17.2\log4j-to-slf4j-2.17.2.jar;D:\hxs\maven\repository\org\apache\logging\log4j\log4j-api\2.17.2\log4j-api-2.17.2.jar;D:\hxs\maven\repository\org\slf4j\jul-to-slf4j\1.7.36\jul-to-slf4j-1.7.36.jar;D:\hxs\maven\repository\jakarta\annotation\jakarta.annotation-api\1.3.5\jakarta.annotation-api-1.3.5.jar;D:\hxs\maven\repository\org\yaml\snakeyaml\1.30\snakeyaml-1.30.jar;D:\hxs\maven\repository\org\sp
Launcher Type: SUN_STANDARD

Environment Variables:
JAVA_HOME=D:\hxs\JDK1.8
PATH=D:\VMware workstations\bin\;C:\Program Files (x86)\Common Files\Oracle\Java\javapath;C:\Program Files\Microsoft MPI\Bin\;D:\hxs\JDK1.8\bin;D:\hxs\maven\apache-maven-3.6.3\bin;C:\Program Files\Common Files\Oracle\Java\javapath;C:\WINDOWS\system32;C:\WINDOWS;C:\WINDOWS\System32\Wbem;C:\WINDOWS\System32\WindowsPowerShell\v1.0\;C:\WINDOWS\System32\OpenSSH\;C:\Program Files\dotnet\;C:\Program Files\Microsoft SQL Server\130\Tools\Binn\;C:\Program Files (x86)\Microsoft SQL Server\100\Tools\Binn\;C:\Program Files\Microsoft SQL Server\100\Tools\Binn\;C:\Program Files\Microsoft SQL Server\100\DTS\Binn\;D:\桌面\EasyShare\x86\;D;\桌面\EasyShare\x64\;C;\Program Files (x86)\dotnet\;D:\MySQL\mysql-8.0.30-winx64\bin;C:\Program Files\Microsoft SQL Server\Client SDK\ODBC\170\Tools\Binn\;C:\Program Files (x86)\Microsoft SQL Server\150\Tools\Binn\;C:\Program Files\Microsoft SQL Server\150\Tools\Binn\;C:\Program Files\Microsoft SQL Server\150\DTS\Binn\;D:\soft\Git\cmd;C:\Program Files (x86)\dotnet\;D:\soft\;D:\桌面\common;D:\soft\xshell\;d:\soft\quartusii\quartusll9.1\quartus\bin;D:\soft\xftp7\;C:\Users\lenovo\AppData\Local\Microsoft\WindowsApps;C:\Program Files\Bandizip\;C:\Users\lenovo\.dotnet\tools;D:\×à??\modelsim_ase\win32aloem;D:\hxs\IDEA\IntelliJ IDEA 2021.1\bin;;D:\soft\Microsoft VS Code\bin;C:\Users\lenovo\AppData\Roaming\npm;D:\LenovoSoftstore\Install\QQliuxidating\QQGameTempest\Hall.57814\;D:\soft\webstorm\WebStorm 2022.1.3\bin;;D:\soft\QuartusII\diretion\modelsim_ase\win32aloem
USERNAME=lenovo
OS=Windows_NT
PROCESSOR_IDENTIFIER=Intel64 Family 6 Model 165 Stepping 2, GenuineIntel



---------------  S Y S T E M  ---------------

OS: Windows 10.0 , 64 bit Build 19041 (10.0.19041.1889)

CPU:total 16 (initial active 16) (8 cores per cpu, 2 threads per core) family 6 model 165 stepping 2, cmov, cx8, fxsr, mmx, sse, sse2, sse3, ssse3, sse4.1, sse4.2, popcnt, avx, avx2, aes, clmul, erms, 3dnowpref, lzcnt, ht, tsc, tscinvbit, bmi1, bmi2, adx

Memory: 4k page, physical 16681776k(782304k free), swap 33641772k(3596k free)

vm_info: Java HotSpot(TM) 64-Bit Server VM (25.201-b09) for windows-amd64 JRE (1.8.0_201-b09), built on Dec 15 2018 18:36:39 by "java_re" with MS VC++ 10.0 (VS2010)

time: Thu Nov 17 19:14:53 2022
timezone: 中国标准时间
elapsed time: 0 seconds (0d 0h 0m 0s)

